[20:04:53] [Client thread/ERROR]: Can't find the resource index file: assets/indexes/1.8.json
[20:04:53] [Client thread/INFO]: Setting user: Player943
[20:04:53] [Client thread/INFO]: (Session ID is token:0:Player943)
[20:04:53] [Client thread/INFO]: LWJGL Version: 2.9.4
[20:04:54] [Client thread/INFO]: Reloading ResourceManager: Default
[20:04:55] [Client thread/ERROR]: Couldn't initialize twitch stream
[20:04:55] [Sound Library Loader/INFO]: Starting up SoundSystem...
[20:04:55] [Thread-6/INFO]: Initializing LWJGL OpenAL
[20:04:55] [Thread-6/INFO]: (The LWJGL binding of OpenAL.  For more information, see http://www.lwjgl.org)
[20:04:57] [Client thread/INFO]: Created: 512x512 textures-atlas
[20:04:57] [Thread-6/INFO]: OpenAL initialized.
[20:04:57] [Sound Library Loader/INFO]: Sound engine started
[20:04:57] [Client thread/ERROR]: Realms module missing
java.lang.ClassNotFoundException: com.mojang.realmsclient.gui.screens.RealmsNotificationsScreen
	at java.net.URLClassLoader.findClass(URLClassLoader.java:387) ~[?:1.8.0_422-internal]
	at java.lang.ClassLoader.loadClass(ClassLoader.java:418) ~[?:1.8.0_422-internal]
	at sun.misc.Launcher$AppClassLoader.loadClass(Launcher.java:352) ~[?:1.8.0_422-internal]
	at java.lang.ClassLoader.loadClass(ClassLoader.java:351) ~[?:1.8.0_422-internal]
	at java.lang.Class.forName0(Native Method) ~[?:1.8.0_422-internal]
	at java.lang.Class.forName(Class.java:264) ~[?:1.8.0_422-internal]
	at net.minecraft.realms.RealmsBridge.getNotificationScreen(RealmsBridge.java:38) [classes/:?]
	at net.minecraft.client.gui.GuiMainMenu.initGui(GuiMainMenu.java:246) [classes/:?]
	at net.minecraft.client.gui.GuiScreen.setWorldAndResolution(GuiScreen.java:556) [classes/:?]
	at net.minecraft.client.Minecraft.displayGuiScreen(Minecraft.java:1016) [classes/:?]
	at net.minecraft.client.Minecraft.startGame(Minecraft.java:577) [classes/:?]
	at net.minecraft.client.Minecraft.run(Minecraft.java:406) [classes/:?]
	at net.minecraft.client.main.Main.main(Main.java:113) [classes/:?]
	at Start.main(Start.java:50) [test-classes/:?]
[20:05:00] [Client thread/WARN]: Unable to play unknown soundEvent: minecraft:gui.button.press
[20:05:00] [Client thread/INFO]: Stopping!
[20:05:00] [Client thread/INFO]: SoundSystem shutting down...
[20:05:00] [Client thread/WARN]: Author: Paul Lamb, www.paulscode.com
